This is pdfTeX, Version 3.141592653-2.6-1.40.27 (MiKTeX 25.4) (preloaded format=pdflatex.fmt)
 restricted \write18 enabled.
entering extended mode
(main.tex
LaTeX2e <2025-06-01> patch level 1
L3 programming layer <2025-09-02>
(sn-jnl.cls
Document Class: sn-jnl 2019/11/18 v0.1: An authoring template for Springer Jour
nal articles
(C:\Users\isjeon\AppData\Local\Programs\MiKTeX\tex/latex/base\article.cls
Document Class: article 2025/01/22 v1.4n Standard LaTeX document class
(C:\Users\isjeon\AppData\Local\Programs\MiKTeX\tex/latex/base\fleqn.clo)
(C:\Users\isjeon\AppData\Local\Programs\MiKTeX\tex/latex/base\size10.clo))
(C:\Users\isjeon\AppData\Local\Programs\MiKTeX\tex/latex/geometry\geometry.sty
(C:\Users\isjeon\AppData\Local\Programs\MiKTeX\tex/latex/graphics\keyval.sty)
(C:\Users\isjeon\AppData\Local\Programs\MiKTeX\tex/generic/iftex\ifvtex.sty
(C:\Users\isjeon\AppData\Local\Programs\MiKTeX\tex/generic/iftex\iftex.sty))
(C:\Users\isjeon\AppData\Local\Programs\MiKTeX\tex/latex/geometry\geometry.cfg)
) (C:\Users\isjeon\AppData\Local\Programs\MiKTeX\tex/latex/sttools\cuted.sty)
(C:\Users\isjeon\AppData\Local\Programs\MiKTeX\tex/latex/graphics\rotating.sty
(C:\Users\isjeon\AppData\Local\Programs\MiKTeX\tex/latex/graphics\graphicx.sty
(C:\Users\isjeon\AppData\Local\Programs\MiKTeX\tex/latex/graphics\graphics.sty
(C:\Users\isjeon\AppData\Local\Programs\MiKTeX\tex/latex/graphics\trig.sty)
(C:\Users\isjeon\AppData\Local\Programs\MiKTeX\tex/latex/graphics-cfg\graphics.
cfg)
(C:\Users\isjeon\AppData\Local\Programs\MiKTeX\tex/latex/graphics-def\pdftex.de
f))) (C:\Users\isjeon\AppData\Local\Programs\MiKTeX\tex/latex/base\ifthen.sty))

(C:\Users\isjeon\AppData\Local\Programs\MiKTeX\tex/latex/threeparttable\threepa
rttable.sty)
(C:\Users\isjeon\AppData\Local\Programs\MiKTeX\tex/latex/appendix\appendix.sty)
 (C:\Users\isjeon\AppData\Local\Programs\MiKTeX\tex/latex/hyperref\hyperref.sty

(C:\Users\isjeon\AppData\Local\Programs\MiKTeX\tex/latex/kvsetkeys\kvsetkeys.st
y)
(C:\Users\isjeon\AppData\Local\Programs\MiKTeX\tex/generic/kvdefinekeys\kvdefin
ekeys.sty)
(C:\Users\isjeon\AppData\Local\Programs\MiKTeX\tex/generic/pdfescape\pdfescape.
sty
(C:\Users\isjeon\AppData\Local\Programs\MiKTeX\tex/generic/ltxcmds\ltxcmds.sty)

(C:\Users\isjeon\AppData\Local\Programs\MiKTeX\tex/generic/pdftexcmds\pdftexcmd
s.sty
(C:\Users\isjeon\AppData\Local\Programs\MiKTeX\tex/generic/infwarerr\infwarerr.
sty)))
(C:\Users\isjeon\AppData\Local\Programs\MiKTeX\tex/latex/hycolor\hycolor.sty)
(C:\Users\isjeon\AppData\Local\Programs\MiKTeX\tex/latex/hyperref\nameref.sty
(C:\Users\isjeon\AppData\Local\Programs\MiKTeX\tex/latex/refcount\refcount.sty)

(C:\Users\isjeon\AppData\Local\Programs\MiKTeX\tex/generic/gettitlestring\getti
tlestring.sty
(C:\Users\isjeon\AppData\Local\Programs\MiKTeX\tex/latex/kvoptions\kvoptions.st
y)))
(C:\Users\isjeon\AppData\Local\Programs\MiKTeX\tex/latex/etoolbox\etoolbox.sty)

(C:\Users\isjeon\AppData\Local\Programs\MiKTeX\tex/generic/stringenc\stringenc.
sty)
(C:\Users\isjeon\AppData\Local\Programs\MiKTeX\tex/latex/hyperref\pd1enc.def)
(C:\Users\isjeon\AppData\Local\Programs\MiKTeX\tex/generic/intcalc\intcalc.sty)
(C:\Users\isjeon\AppData\Local\Programs\MiKTeX\tex/latex/hyperref\puenc.def)
(C:\Users\isjeon\AppData\Local\Programs\MiKTeX\tex/latex/url\url.sty)
(C:\Users\isjeon\AppData\Local\Programs\MiKTeX\tex/generic/bitset\bitset.sty
(C:\Users\isjeon\AppData\Local\Programs\MiKTeX\tex/generic/bigintcalc\bigintcal
c.sty)))
(C:\Users\isjeon\AppData\Local\Programs\MiKTeX\tex/latex/hyperref\hpdftex.def
(C:\Users\isjeon\AppData\Local\Programs\MiKTeX\tex/latex/rerunfilecheck\rerunfi
lecheck.sty
(C:\Users\isjeon\AppData\Local\Programs\MiKTeX\tex/generic/uniquecounter\unique
counter.sty)))
(C:\Users\isjeon\AppData\Local\Programs\MiKTeX\tex/latex/wrapfig\wrapfig.sty)
(C:\Users\isjeon\AppData\Local\Programs\MiKTeX\tex/latex/amscls\amsthm.sty)
(C:\Users\isjeon\AppData\Local\Programs\MiKTeX\tex/latex/base\fix-cm.sty
(C:\Users\isjeon\AppData\Local\Programs\MiKTeX\tex/latex/base\ts1enc.def))
(C:\Users\isjeon\AppData\Local\Programs\MiKTeX\tex/latex/natbib\natbib.sty))
(C:\Users\isjeon\AppData\Local\Programs\MiKTeX\tex/latex/base\inputenc.sty)
(C:\Users\isjeon\AppData\Local\Programs\MiKTeX\tex/latex/amsmath\amsmath.sty
For additional information on amsmath, use the `?' option.
(C:\Users\isjeon\AppData\Local\Programs\MiKTeX\tex/latex/amsmath\amstext.sty
(C:\Users\isjeon\AppData\Local\Programs\MiKTeX\tex/latex/amsmath\amsgen.sty))
(C:\Users\isjeon\AppData\Local\Programs\MiKTeX\tex/latex/amsmath\amsbsy.sty)
(C:\Users\isjeon\AppData\Local\Programs\MiKTeX\tex/latex/amsmath\amsopn.sty))
(C:\Users\isjeon\AppData\Local\Programs\MiKTeX\tex/latex/amsfonts\amssymb.sty
(C:\Users\isjeon\AppData\Local\Programs\MiKTeX\tex/latex/amsfonts\amsfonts.sty)
)
(C:\Users\isjeon\AppData\Local\Programs\MiKTeX\tex/latex/jknappen\mathrsfs.sty)
 (C:\Users\isjeon\AppData\Local\Programs\MiKTeX\tex/latex/stmaryrd\stmaryrd.sty
)
(C:\Users\isjeon\AppData\Local\Programs\MiKTeX\tex/latex/caption\subcaption.sty
(C:\Users\isjeon\AppData\Local\Programs\MiKTeX\tex/latex/caption\caption.sty
(C:\Users\isjeon\AppData\Local\Programs\MiKTeX\tex/latex/caption\caption3.sty)

Package caption Warning: Unknown document class (or package),
(caption)                standard defaults will be used.
See the caption package documentation for explanation.

))
(C:\Users\isjeon\AppData\Local\Programs\MiKTeX\tex/latex/pgf/frontendlayer\tikz
.sty
(C:\Users\isjeon\AppData\Local\Programs\MiKTeX\tex/latex/pgf/basiclayer\pgf.sty

(C:\Users\isjeon\AppData\Local\Programs\MiKTeX\tex/latex/pgf/utilities\pgfrcs.s
ty
(C:\Users\isjeon\AppData\Local\Programs\MiKTeX\tex/generic/pgf/utilities\pgfuti
l-common.tex)
(C:\Users\isjeon\AppData\Local\Programs\MiKTeX\tex/generic/pgf/utilities\pgfuti
l-latex.def)
(C:\Users\isjeon\AppData\Local\Programs\MiKTeX\tex/generic/pgf/utilities\pgfrcs
.code.tex
(C:\Users\isjeon\AppData\Local\Programs\MiKTeX\tex/generic/pgf\pgf.revision.tex
)))
(C:\Users\isjeon\AppData\Local\Programs\MiKTeX\tex/latex/pgf/basiclayer\pgfcore
.sty
(C:\Users\isjeon\AppData\Local\Programs\MiKTeX\tex/latex/pgf/systemlayer\pgfsys
.sty
(C:\Users\isjeon\AppData\Local\Programs\MiKTeX\tex/generic/pgf/systemlayer\pgfs
ys.code.tex
(C:\Users\isjeon\AppData\Local\Programs\MiKTeX\tex/generic/pgf/utilities\pgfkey
s.code.tex
(C:\Users\isjeon\AppData\Local\Programs\MiKTeX\tex/generic/pgf/utilities\pgfkey
slibraryfiltered.code.tex))
(C:\Users\isjeon\AppData\Local\Programs\MiKTeX\tex/generic/pgf/systemlayer\pgf.
cfg)
(C:\Users\isjeon\AppData\Local\Programs\MiKTeX\tex/generic/pgf/systemlayer\pgfs
ys-pdftex.def
(C:\Users\isjeon\AppData\Local\Programs\MiKTeX\tex/generic/pgf/systemlayer\pgfs
ys-common-pdf.def)))
(C:\Users\isjeon\AppData\Local\Programs\MiKTeX\tex/generic/pgf/systemlayer\pgfs
yssoftpath.code.tex)
(C:\Users\isjeon\AppData\Local\Programs\MiKTeX\tex/generic/pgf/systemlayer\pgfs
ysprotocol.code.tex))
(C:\Users\isjeon\AppData\Local\Programs\MiKTeX\tex/latex/xcolor\xcolor.sty
(C:\Users\isjeon\AppData\Local\Programs\MiKTeX\tex/latex/graphics-cfg\color.cfg
)
(C:\Users\isjeon\AppData\Local\Programs\MiKTeX\tex/latex/graphics\mathcolor.ltx
))
(C:\Users\isjeon\AppData\Local\Programs\MiKTeX\tex/generic/pgf/basiclayer\pgfco
re.code.tex
(C:\Users\isjeon\AppData\Local\Programs\MiKTeX\tex/generic/pgf/math\pgfmath.cod
e.tex
(C:\Users\isjeon\AppData\Local\Programs\MiKTeX\tex/generic/pgf/math\pgfmathutil
.code.tex)
(C:\Users\isjeon\AppData\Local\Programs\MiKTeX\tex/generic/pgf/math\pgfmathpars
er.code.tex)
(C:\Users\isjeon\AppData\Local\Programs\MiKTeX\tex/generic/pgf/math\pgfmathfunc
tions.code.tex)
(C:\Users\isjeon\AppData\Local\Programs\MiKTeX\tex/generic/pgf/math\pgfmathfunc
tions.basic.code.tex)
(C:\Users\isjeon\AppData\Local\Programs\MiKTeX\tex/generic/pgf/math\pgfmathfunc
tions.trigonometric.code.tex)
(C:\Users\isjeon\AppData\Local\Programs\MiKTeX\tex/generic/pgf/math\pgfmathfunc
tions.random.code.tex)
(C:\Users\isjeon\AppData\Local\Programs\MiKTeX\tex/generic/pgf/math\pgfmathfunc
tions.comparison.code.tex)
(C:\Users\isjeon\AppData\Local\Programs\MiKTeX\tex/generic/pgf/math\pgfmathfunc
tions.base.code.tex)
(C:\Users\isjeon\AppData\Local\Programs\MiKTeX\tex/generic/pgf/math\pgfmathfunc
tions.round.code.tex)
(C:\Users\isjeon\AppData\Local\Programs\MiKTeX\tex/generic/pgf/math\pgfmathfunc
tions.misc.code.tex)
(C:\Users\isjeon\AppData\Local\Programs\MiKTeX\tex/generic/pgf/math\pgfmathfunc
tions.integerarithmetics.code.tex)
(C:\Users\isjeon\AppData\Local\Programs\MiKTeX\tex/generic/pgf/math\pgfmathcalc
.code.tex)
(C:\Users\isjeon\AppData\Local\Programs\MiKTeX\tex/generic/pgf/math\pgfmathfloa
t.code.tex))
(C:\Users\isjeon\AppData\Local\Programs\MiKTeX\tex/generic/pgf/math\pgfint.code
.tex)
(C:\Users\isjeon\AppData\Local\Programs\MiKTeX\tex/generic/pgf/basiclayer\pgfco
repoints.code.tex)
(C:\Users\isjeon\AppData\Local\Programs\MiKTeX\tex/generic/pgf/basiclayer\pgfco
repathconstruct.code.tex)
(C:\Users\isjeon\AppData\Local\Programs\MiKTeX\tex/generic/pgf/basiclayer\pgfco
repathusage.code.tex)
(C:\Users\isjeon\AppData\Local\Programs\MiKTeX\tex/generic/pgf/basiclayer\pgfco
rescopes.code.tex)
(C:\Users\isjeon\AppData\Local\Programs\MiKTeX\tex/generic/pgf/basiclayer\pgfco
regraphicstate.code.tex)
(C:\Users\isjeon\AppData\Local\Programs\MiKTeX\tex/generic/pgf/basiclayer\pgfco
retransformations.code.tex)
(C:\Users\isjeon\AppData\Local\Programs\MiKTeX\tex/generic/pgf/basiclayer\pgfco
requick.code.tex)
(C:\Users\isjeon\AppData\Local\Programs\MiKTeX\tex/generic/pgf/basiclayer\pgfco
reobjects.code.tex)
(C:\Users\isjeon\AppData\Local\Programs\MiKTeX\tex/generic/pgf/basiclayer\pgfco
repathprocessing.code.tex)
(C:\Users\isjeon\AppData\Local\Programs\MiKTeX\tex/generic/pgf/basiclayer\pgfco
rearrows.code.tex)
(C:\Users\isjeon\AppData\Local\Programs\MiKTeX\tex/generic/pgf/basiclayer\pgfco
reshade.code.tex)
(C:\Users\isjeon\AppData\Local\Programs\MiKTeX\tex/generic/pgf/basiclayer\pgfco
reimage.code.tex)
(C:\Users\isjeon\AppData\Local\Programs\MiKTeX\tex/generic/pgf/basiclayer\pgfco
reexternal.code.tex)
(C:\Users\isjeon\AppData\Local\Programs\MiKTeX\tex/generic/pgf/basiclayer\pgfco
relayers.code.tex)
(C:\Users\isjeon\AppData\Local\Programs\MiKTeX\tex/generic/pgf/basiclayer\pgfco
retransparency.code.tex)
(C:\Users\isjeon\AppData\Local\Programs\MiKTeX\tex/generic/pgf/basiclayer\pgfco
repatterns.code.tex)
(C:\Users\isjeon\AppData\Local\Programs\MiKTeX\tex/generic/pgf/basiclayer\pgfco
rerdf.code.tex)))
(C:\Users\isjeon\AppData\Local\Programs\MiKTeX\tex/generic/pgf/modules\pgfmodul
eshapes.code.tex)
(C:\Users\isjeon\AppData\Local\Programs\MiKTeX\tex/generic/pgf/modules\pgfmodul
eplot.code.tex)
(C:\Users\isjeon\AppData\Local\Programs\MiKTeX\tex/latex/pgf/compatibility\pgfc
omp-version-0-65.sty)
(C:\Users\isjeon\AppData\Local\Programs\MiKTeX\tex/latex/pgf/compatibility\pgfc
omp-version-1-18.sty))
(C:\Users\isjeon\AppData\Local\Programs\MiKTeX\tex/latex/pgf/utilities\pgffor.s
ty
(C:\Users\isjeon\AppData\Local\Programs\MiKTeX\tex/latex/pgf/utilities\pgfkeys.
sty
(C:\Users\isjeon\AppData\Local\Programs\MiKTeX\tex/generic/pgf/utilities\pgfkey
s.code.tex))
(C:\Users\isjeon\AppData\Local\Programs\MiKTeX\tex/latex/pgf/math\pgfmath.sty
(C:\Users\isjeon\AppData\Local\Programs\MiKTeX\tex/generic/pgf/math\pgfmath.cod
e.tex))
(C:\Users\isjeon\AppData\Local\Programs\MiKTeX\tex/generic/pgf/utilities\pgffor
.code.tex))
(C:\Users\isjeon\AppData\Local\Programs\MiKTeX\tex/generic/pgf/frontendlayer/ti
kz\tikz.code.tex
(C:\Users\isjeon\AppData\Local\Programs\MiKTeX\tex/generic/pgf/libraries\pgflib
raryplothandlers.code.tex)
(C:\Users\isjeon\AppData\Local\Programs\MiKTeX\tex/generic/pgf/modules\pgfmodul
ematrix.code.tex)
(C:\Users\isjeon\AppData\Local\Programs\MiKTeX\tex/generic/pgf/frontendlayer/ti
kz/libraries\tikzlibrarytopaths.code.tex)))
(C:\Users\isjeon\AppData\Local\Programs\MiKTeX\tex/generic/pgf/frontendlayer/ti
kz/libraries\tikzlibrarypositioning.code.tex)
(C:\Users\isjeon\AppData\Local\Programs\MiKTeX\tex/generic/pgf/frontendlayer/ti
kz/libraries\tikzlibraryshapes.code.tex
(C:\Users\isjeon\AppData\Local\Programs\MiKTeX\tex/generic/pgf/frontendlayer/ti
kz/libraries\tikzlibraryshapes.geometric.code.tex
(C:\Users\isjeon\AppData\Local\Programs\MiKTeX\tex/generic/pgf/libraries/shapes
\pgflibraryshapes.geometric.code.tex))
(C:\Users\isjeon\AppData\Local\Programs\MiKTeX\tex/generic/pgf/frontendlayer/ti
kz/libraries\tikzlibraryshapes.misc.code.tex
(C:\Users\isjeon\AppData\Local\Programs\MiKTeX\tex/generic/pgf/libraries/shapes
\pgflibraryshapes.misc.code.tex))
(C:\Users\isjeon\AppData\Local\Programs\MiKTeX\tex/generic/pgf/frontendlayer/ti
kz/libraries\tikzlibraryshapes.symbols.code.tex
(C:\Users\isjeon\AppData\Local\Programs\MiKTeX\tex/generic/pgf/libraries/shapes
\pgflibraryshapes.symbols.code.tex))
(C:\Users\isjeon\AppData\Local\Programs\MiKTeX\tex/generic/pgf/frontendlayer/ti
kz/libraries\tikzlibraryshapes.arrows.code.tex
(C:\Users\isjeon\AppData\Local\Programs\MiKTeX\tex/generic/pgf/libraries/shapes
\pgflibraryshapes.arrows.code.tex))
(C:\Users\isjeon\AppData\Local\Programs\MiKTeX\tex/generic/pgf/frontendlayer/ti
kz/libraries\tikzlibraryshapes.callouts.code.tex
(C:\Users\isjeon\AppData\Local\Programs\MiKTeX\tex/generic/pgf/libraries/shapes
\pgflibraryshapes.callouts.code.tex))
(C:\Users\isjeon\AppData\Local\Programs\MiKTeX\tex/generic/pgf/frontendlayer/ti
kz/libraries\tikzlibraryshapes.multipart.code.tex
(C:\Users\isjeon\AppData\Local\Programs\MiKTeX\tex/generic/pgf/libraries/shapes
\pgflibraryshapes.multipart.code.tex)))
(C:\Users\isjeon\AppData\Local\Programs\MiKTeX\tex/generic/pgf/libraries\pgflib
raryarrows.meta.code.tex)
(C:\Users\isjeon\AppData\Local\Programs\MiKTeX\tex/latex/multirow\multirow.sty)
 (C:\Users\isjeon\AppData\Local\Programs\MiKTeX\tex/latex/booktabs\booktabs.sty
) (C:\Users\isjeon\AppData\Local\Programs\MiKTeX\tex/latex/tools\tabularx.sty
(C:\Users\isjeon\AppData\Local\Programs\MiKTeX\tex/latex/tools\array.sty))
(C:\Users\isjeon\AppData\Local\Programs\MiKTeX\tex/latex/algorithms\algorithm.s
ty (C:\Users\isjeon\AppData\Local\Programs\MiKTeX\tex/latex/float\float.sty))
(C:\Users\isjeon\AppData\Local\Programs\MiKTeX\tex/latex/algorithmicx\algorithm
icx.sty
Document Style algorithmicx 1.2 - a greatly improved `algorithmic' style
)
(C:\Users\isjeon\AppData\Local\Programs\MiKTeX\tex/latex/algorithmicx\algpseudo
code.sty
Document Style - pseudocode environments for use with the `algorithmicx' style
)
(C:\Users\isjeon\AppData\Local\Programs\MiKTeX\tex/latex/placeins\placeins.sty)
 (C:\Users\isjeon\AppData\Local\Programs\MiKTeX\tex/latex/base\textcomp.sty)
(C:\Users\isjeon\AppData\Local\Programs\MiKTeX\tex/latex/listings\listings.sty
(C:\Users\isjeon\AppData\Local\Programs\MiKTeX\tex/latex/listings\lstpatch.sty)
 (C:\Users\isjeon\AppData\Local\Programs\MiKTeX\tex/latex/listings\lstmisc.sty)
 (C:\Users\isjeon\AppData\Local\Programs\MiKTeX\tex/latex/listings\listings.cfg
)) (C:\Users\isjeon\AppData\Local\Programs\MiKTeX\tex/latex/comment\comment.sty
Excluding comment 'comment')

! LaTeX Error: Option clash for package url.

See the LaTeX manual or LaTeX Companion for explanation.
Type  H <return>  for immediate help.
 ...                                              
                                                  
l.63 \usepackage
                [colorlinks=true,linkcolor=blue,urlcolor=blue,citecolor=blac...

!  ==> Fatal error occurred, no output PDF file produced!
Transcript written on main.log.
